2025-11-23 01:26:52 - Running preflight checks...
2025-11-23 01:26:52 - Warning: mailx not installed. Email alerts will not be sent.
2025-11-23 01:26:52 - Preflight done.
2025-11-23 01:26:52 - Starting ETL pipeline...
2025-11-23 01:26:52 - Extracting JSON data...
2025-11-23 01:26:52 - Extracting CSV data...
2025-11-23 01:26:52 - Extracting store_inventory from DB...
2025-11-23 01:26:52 - JSON copied to /home/belal/coffee_etl_project/scripts/../data/raw/online_orders.json
2025-11-23 01:26:52 - CSV copied to /home/belal/coffee_etl_project/scripts/../data/raw/instore_sales.csv
2025-11-23 01:26:52 - DB extraction complete: /home/belal/coffee_etl_project/scripts/../data/raw/store_inventory.csv
2025-11-23 01:26:52 - All extraction steps completed.
2025-11-23 01:26:52 - Running: transform_json
2025-11-23 01:26:52 - Transforming JSON to CSV...
2025-11-23 01:26:52 - JSON transformed to /home/belal/coffee_etl_project/scripts/../processed/online_orders.csv
2025-11-23 01:26:52 - Running: transform_csv
2025-11-23 01:26:52 - Processing instore CSV...
2025-11-23 01:26:52 - CSV transformed to /home/belal/coffee_etl_project/scripts/../processed/instore_sales.csv
2025-11-23 01:26:52 - Running: transform_db
2025-11-23 01:26:52 - Transforming DB CSV...
2025-11-23 01:26:52 - DB CSV transformed to /home/belal/coffee_etl_project/scripts/../processed/store_inventory_clean.csv
2025-11-23 01:26:52 - Running: load_data
2025-11-23 01:26:52 - Merging all processed CSVs...
2025-11-23 01:26:52 - Final merged CSV created: /home/belal/coffee_etl_project/scripts/../processed/final_output.csv
2025-11-23 01:26:52 - Running: archive_old
2025-11-23 01:26:52 - Archiving processed CSVs...
2025-11-23 01:26:52 - Running: generate_report
2025-11-23 01:26:52 - Generating summary report...
2025-11-23 01:26:52 - Report created: /home/belal/coffee_etl_project/scripts/../reports/report_2025-11-23.txt
2025-11-23 01:26:52 - Running: cleanup_logs
2025-11-23 01:26:52 - Cleaning logs older than 7 days...
2025-11-23 01:26:52 - Log cleanup done.
2025-11-23 01:26:52 - ETL pipeline completed successfully!
2025-11-23 01:26:52 - Skipping email alert: mailx not available.
2025-11-23 01:35:42 - Running preflight checks...
2025-11-23 01:35:42 - Warning: jq not installed.
2025-11-23 01:35:42 - Warning: MySQL client not installed.
2025-11-23 01:35:42 - Warning: mailx not installed. Email alerts will not be sent.
2025-11-23 01:35:42 - Preflight done.
2025-11-23 01:35:43 - Starting ETL pipeline...
2025-11-23 01:35:43 - Extracting JSON data...
2025-11-23 01:35:43 - Extracting CSV data...
2025-11-23 01:35:43 - Extracting store_inventory from DB...
2025-11-23 01:35:43 - Skipping email alert: mailx not available.
2025-11-23 01:35:43 - CSV copied to //wsl$/Ubuntu-22.04/home/belal/coffee_etl_project/scripts/../data/raw/instore_sales.csv
2025-11-23 01:35:43 - JSON copied to //wsl$/Ubuntu-22.04/home/belal/coffee_etl_project/scripts/../data/raw/online_orders.json
2025-11-23 01:35:44 - All extraction steps completed.
2025-11-23 01:35:44 - Running: transform_json
2025-11-23 01:35:44 - Transforming JSON to CSV...
